<?xml version="1.0" encoding="UTF-8"?>
<!-- Generated by org.testng.reporters.JUnitReportReporter -->
<testsuite hostname="DESKTOP-JNAU409" failures="0" tests="3" name="demoProject1.TestClass1" time="13.665" errors="0" timestamp="2022-05-25T08:53:03 CEST" skipped="0">
  <testcase classname="demoProject1.TestClass1" name="Test3" time="4.920"/>
  <system-out/>
  <testcase classname="demoProject1.TestClass1" name="Test2" time="4.019"/>
  <system-out/>
  <testcase classname="demoProject1.TestClass1" name="Test1" time="4.726"/>
  <system-out/>
</testsuite> <!-- demoProject1.TestClass1 -->
